<?xml version="1.0" encoding="UTF-8"?>
<testng-results skipped="0" failed="0" ignored="0" total="2" passed="2">
  <reporter-output>
  </reporter-output>
  <suite name="Simplilearn" duration-ms="9247" started-at="2021-11-07T14:17:43 UTC" finished-at="2021-11-07T14:17:53 UTC">
    <groups>
    </groups>
    <test name="Test" duration-ms="9247" started-at="2021-11-07T14:17:43 UTC" finished-at="2021-11-07T14:17:53 UTC">
      <class name="test.LoginTest">
        <test-method status="PASS" signature="ReportSetup()[pri:0, instance:test.LoginTest@51e2adc7]" name="ReportSetup" is-config="true" duration-ms="239" started-at="2021-11-07T14:17:43 UTC" finished-at="2021-11-07T14:17:44 UTC">
          <reporter-output>
          </reporter-output>
        </test-method> <!-- ReportSetup -->
        <test-method status="PASS" signature="setup()[pri:0, instance:test.LoginTest@51e2adc7]" name="setup" is-config="true" duration-ms="2689" started-at="2021-11-07T14:17:44 UTC" finished-at="2021-11-07T14:17:46 UTC">
          <reporter-output>
          </reporter-output>
        </test-method> <!-- setup -->
        <test-method status="PASS" signature="Negativelogin(java.lang.String,java.lang.String)[pri:0, instance:test.LoginTest@51e2adc7]" name="Negativelogin" duration-ms="2306" started-at="2021-11-07T14:17:46 UTC" finished-at="2021-11-07T14:17:49 UTC">
          <params>
            <param index="0">
              <value>
                <![CDATA[asd@asd.com]]>
              </value>
            </param>
            <param index="1">
              <value>
                <![CDATA[A@123dfasdf]]>
              </value>
            </param>
          </params>
          <reporter-output>
          </reporter-output>
        </test-method> <!-- Negativelogin -->
        <test-method status="PASS" signature="teardown()[pri:0, instance:test.LoginTest@51e2adc7]" name="teardown" is-config="true" duration-ms="70" started-at="2021-11-07T14:17:49 UTC" finished-at="2021-11-07T14:17:49 UTC">
          <reporter-output>
          </reporter-output>
        </test-method> <!-- teardown -->
        <test-method status="PASS" signature="setup()[pri:0, instance:test.LoginTest@51e2adc7]" name="setup" is-config="true" duration-ms="1294" started-at="2021-11-07T14:17:49 UTC" finished-at="2021-11-07T14:17:50 UTC">
          <reporter-output>
          </reporter-output>
        </test-method> <!-- setup -->
        <test-method status="PASS" signature="Positivelogin(java.lang.String,java.lang.String)[pri:0, instance:test.LoginTest@51e2adc7]" name="Positivelogin" duration-ms="2222" started-at="2021-11-07T14:17:50 UTC" finished-at="2021-11-07T14:17:52 UTC">
          <params>
            <param index="0">
              <value>
                <![CDATA[asd@asd.com]]>
              </value>
            </param>
            <param index="1">
              <value>
                <![CDATA[A@123dfasdf]]>
              </value>
            </param>
          </params>
          <reporter-output>
          </reporter-output>
        </test-method> <!-- Positivelogin -->
        <test-method status="PASS" signature="teardown()[pri:0, instance:test.LoginTest@51e2adc7]" name="teardown" is-config="true" duration-ms="73" started-at="2021-11-07T14:17:52 UTC" finished-at="2021-11-07T14:17:52 UTC">
          <reporter-output>
          </reporter-output>
        </test-method> <!-- teardown -->
        <test-method status="PASS" signature="ReportTearDowm()[pri:0, instance:test.LoginTest@51e2adc7]" name="ReportTearDowm" is-config="true" duration-ms="320" started-at="2021-11-07T14:17:52 UTC" finished-at="2021-11-07T14:17:53 UTC">
          <reporter-output>
          </reporter-output>
        </test-method> <!-- ReportTearDowm -->
      </class> <!-- test.LoginTest -->
    </test> <!-- Test -->
  </suite> <!-- Simplilearn -->
</testng-results>
